<?xml version="1.0" encoding="UTF-8"?>
<!-- Generated by org.testng.reporters.JUnitXMLReporter -->
<testsuite hostname="LAPTOP-M53IEF0T" ignored="0" name="Default test" tests="2" failures="0" timestamp="15 Aug 2019 08:07:46 GMT" time="1.019" errors="0">
  <testcase name="runScenario" time="0.293" classname="cucumber.api.testng.AbstractTestNGCucumberTests"/>
  <testcase name="runScenario" time="0.293" classname="cucumber.api.testng.AbstractTestNGCucumberTests"/>
</testsuite> <!-- Default test -->
