<?xml version="1.0" encoding="UTF-8"?>
<testng-results skipped="0" failed="0" ignored="0" total="1" passed="1">
  <reporter-output>
  </reporter-output>
  <suite name="Suite" duration-ms="20581" started-at="2019-01-21T17:30:15Z" finished-at="2019-01-21T17:30:35Z">
    <groups>
      <group name="cucumber">
        <method signature="AbstractTestNGCucumberTests.feature(cucumber.api.testng.CucumberFeatureWrapper)[pri:0, instance:runner.RunnerAmazonIn@153f5a29]" name="feature" class="cucumber.api.testng.AbstractTestNGCucumberTests"/>
      </group> <!-- cucumber -->
    </groups>
    <test name="Test" duration-ms="20581" started-at="2019-01-21T17:30:15Z" finished-at="2019-01-21T17:30:35Z">
      <class name="runner.RunnerAmazonIn">
        <test-method status="PASS" signature="setUpClass()[pri:0, instance:runner.RunnerAmazonIn@153f5a29]" name="setUpClass" is-config="true" duration-ms="228" started-at="2019-01-21T17:30:15Z" finished-at="2019-01-21T17:30:15Z">
          <reporter-output>
          </reporter-output>
        </test-method> <!-- setUpClass -->
        <test-method status="PASS" signature="feature(cucumber.api.testng.CucumberFeatureWrapper)[pri:0, instance:runner.RunnerAmazonIn@153f5a29]" name="feature" duration-ms="20238" started-at="2019-01-21T17:30:15Z" description="Runs Cucumber Feature" data-provider="features" finished-at="2019-01-21T17:30:35Z">
          <params>
            <param index="0">
              <value>
                <![CDATA[To check landing page functionality]]>
              </value>
            </param>
          </params>
          <reporter-output>
          </reporter-output>
        </test-method> <!-- feature -->
        <test-method status="PASS" signature="tearDownClass()[pri:0, instance:runner.RunnerAmazonIn@153f5a29]" name="tearDownClass" is-config="true" duration-ms="7" started-at="2019-01-21T17:30:35Z" finished-at="2019-01-21T17:30:35Z">
          <reporter-output>
          </reporter-output>
        </test-method> <!-- tearDownClass -->
      </class> <!-- runner.RunnerAmazonIn -->
    </test> <!-- Test -->
  </suite> <!-- Suite -->
</testng-results>
