<?xml version="1.0" encoding="UTF-8"?>
<testng-results skipped="0" failed="0" ignored="0" total="2" passed="2">
  <reporter-output>
  </reporter-output>
  <suite name="Default suite" duration-ms="988" started-at="2019-08-11T18:50:54Z" finished-at="2019-08-11T18:50:55Z">
    <groups>
      <group name="cucumber">
        <method signature="AbstractTestNGCucumberTests.runScenario(cucumber.api.testng.PickleEventWrapper, cucumber.api.testng.CucumberFeatureWrapper)[pri:0, instance:runner.RunnerAmazonIn@51399530]" name="runScenario" class="cucumber.api.testng.AbstractTestNGCucumberTests"/>
      </group> <!-- cucumber -->
    </groups>
    <test name="Default test" duration-ms="988" started-at="2019-08-11T18:50:54Z" finished-at="2019-08-11T18:50:55Z">
      <class name="runner.RunnerAmazonIn">
        <test-method status="PASS" signature="setUpClass()[pri:0, instance:runner.RunnerAmazonIn@51399530]" name="setUpClass" is-config="true" duration-ms="113" started-at="2019-08-11T18:50:54Z" finished-at="2019-08-11T18:50:54Z">
          <reporter-output>
          </reporter-output>
        </test-method> <!-- setUpClass -->
        <test-method status="PASS" signature="beforeMethod()[pri:0, instance:runner.RunnerAmazonIn@51399530]" name="beforeMethod" is-config="true" duration-ms="31" started-at="2019-08-11T18:50:54Z" finished-at="2019-08-11T18:50:54Z">
          <reporter-output>
          </reporter-output>
        </test-method> <!-- beforeMethod -->
        <test-method status="PASS" signature="runScenario(cucumber.api.testng.PickleEventWrapper, cucumber.api.testng.CucumberFeatureWrapper)[pri:0, instance:runner.RunnerAmazonIn@51399530]" name="runScenario" duration-ms="228" started-at="2019-08-11T18:50:54Z" description="Runs Cucumber Scenarios" data-provider="scenarios" finished-at="2019-08-11T18:50:54Z">
          <params>
            <param index="0">
              <value>
                <![CDATA["Title of your scenario outline1.2"]]>
              </value>
            </param>
            <param index="1">
              <value>
                <![CDATA["Title of your feature1"]]>
              </value>
            </param>
          </params>
          <reporter-output>
          </reporter-output>
        </test-method> <!-- runScenario -->
        <test-method status="PASS" signature="runScenario(cucumber.api.testng.PickleEventWrapper, cucumber.api.testng.CucumberFeatureWrapper)[pri:0, instance:runner.RunnerAmazonIn@51399530]" name="runScenario" duration-ms="8" started-at="2019-08-11T18:50:54Z" description="Runs Cucumber Scenarios" data-provider="scenarios" finished-at="2019-08-11T18:50:54Z">
          <params>
            <param index="0">
              <value>
                <![CDATA["Title of your scenario outline1.2"]]>
              </value>
            </param>
            <param index="1">
              <value>
                <![CDATA["Title of your feature1"]]>
              </value>
            </param>
          </params>
          <reporter-output>
          </reporter-output>
        </test-method> <!-- runScenario -->
        <test-method status="PASS" signature="tearDownClass()[pri:0, instance:runner.RunnerAmazonIn@51399530]" name="tearDownClass" is-config="true" duration-ms="543" started-at="2019-08-11T18:50:54Z" finished-at="2019-08-11T18:50:55Z">
          <reporter-output>
          </reporter-output>
        </test-method> <!-- tearDownClass -->
        <test-method status="PASS" signature="afterMethod()[pri:0, instance:runner.RunnerAmazonIn@51399530]" name="afterMethod" is-config="true" duration-ms="0" started-at="2019-08-11T18:50:54Z" finished-at="2019-08-11T18:50:54Z">
          <reporter-output>
          </reporter-output>
        </test-method> <!-- afterMethod -->
      </class> <!-- runner.RunnerAmazonIn -->
    </test> <!-- Default test -->
  </suite> <!-- Default suite -->
</testng-results>
