<?xml version="1.0" encoding="UTF-8"?>
<testng-results skipped="0" failed="0" ignored="0" total="1" passed="1">
  <reporter-output>
  </reporter-output>
  <suite name="Suite" duration-ms="13753" started-at="2019-01-19T20:14:47Z" finished-at="2019-01-19T20:15:01Z">
    <groups>
      <group name="cucumber">
        <method signature="AbstractTestNGCucumberTests.feature(cucumber.api.testng.CucumberFeatureWrapper)[pri:0, instance:runner.RunnerAmazonIn@146ba0ac]" name="feature" class="cucumber.api.testng.AbstractTestNGCucumberTests"/>
      </group> <!-- cucumber -->
    </groups>
    <test name="Test" duration-ms="13753" started-at="2019-01-19T20:14:47Z" finished-at="2019-01-19T20:15:01Z">
      <class name="runner.RunnerAmazonIn">
        <test-method status="PASS" signature="setUpClass()[pri:0, instance:runner.RunnerAmazonIn@146ba0ac]" name="setUpClass" is-config="true" duration-ms="546" started-at="2019-01-19T20:14:47Z" finished-at="2019-01-19T20:14:48Z">
          <reporter-output>
          </reporter-output>
        </test-method> <!-- setUpClass -->
        <test-method status="PASS" signature="feature(cucumber.api.testng.CucumberFeatureWrapper)[pri:0, instance:runner.RunnerAmazonIn@146ba0ac]" name="feature" duration-ms="13088" started-at="2019-01-19T20:14:48Z" description="Runs Cucumber Feature" data-provider="features" finished-at="2019-01-19T20:15:01Z">
          <params>
            <param index="0">
              <value>
                <![CDATA[To check landing page functionality]]>
              </value>
            </param>
          </params>
          <reporter-output>
          </reporter-output>
        </test-method> <!-- feature -->
        <test-method status="PASS" signature="tearDownClass()[pri:0, instance:runner.RunnerAmazonIn@146ba0ac]" name="tearDownClass" is-config="true" duration-ms="4" started-at="2019-01-19T20:15:01Z" finished-at="2019-01-19T20:15:01Z">
          <reporter-output>
          </reporter-output>
        </test-method> <!-- tearDownClass -->
      </class> <!-- runner.RunnerAmazonIn -->
    </test> <!-- Test -->
  </suite> <!-- Suite -->
</testng-results>
